2021/08/09 08:01:59 [notice] 1#1: using the "epoll" event method
2021/08/09 08:01:59 [notice] 1#1: nginx/1.21.1
2021/08/09 08:01:59 [notice] 1#1: built by gcc 8.3.0 (Debian 8.3.0-6) 
2021/08/09 08:01:59 [notice] 1#1: OS: Linux 4.19.76-linuxkit
2021/08/09 08:01:59 [notice] 1#1: getrlimit(RLIMIT_NOFILE): 1048576:1048576
2021/08/09 08:01:59 [notice] 1#1: start worker processes
2021/08/09 08:01:59 [notice] 1#1: start worker process 21
2021/08/09 08:01:59 [notice] 1#1: start worker process 22
2021/08/09 08:02:42 [notice] 1#1: signal 3 (SIGQUIT) received, shutting down
2021/08/09 08:02:42 [notice] 21#21: gracefully shutting down
2021/08/09 08:02:42 [notice] 21#21: exiting
2021/08/09 08:02:42 [notice] 22#22: gracefully shutting down
2021/08/09 08:02:42 [notice] 22#22: exiting
2021/08/09 08:02:42 [notice] 21#21: exit
2021/08/09 08:02:42 [notice] 22#22: exit
2021/08/09 08:02:42 [notice] 1#1: signal 17 (SIGCHLD) received from 21
2021/08/09 08:02:42 [notice] 1#1: worker process 21 exited with code 0
2021/08/09 08:02:42 [notice] 1#1: signal 29 (SIGIO) received
2021/08/09 08:02:42 [notice] 1#1: signal 17 (SIGCHLD) received from 22
2021/08/09 08:02:42 [notice] 1#1: worker process 22 exited with code 0
2021/08/09 08:02:42 [notice] 1#1: exit
2021/08/09 08:03:00 [notice] 1#1: using the "epoll" event method
2021/08/09 08:03:00 [notice] 1#1: nginx/1.21.1
2021/08/09 08:03:00 [notice] 1#1: built by gcc 8.3.0 (Debian 8.3.0-6) 
2021/08/09 08:03:00 [notice] 1#1: OS: Linux 4.19.76-linuxkit
2021/08/09 08:03:00 [notice] 1#1: getrlimit(RLIMIT_NOFILE): 1048576:1048576
2021/08/09 08:03:00 [notice] 1#1: start worker processes
2021/08/09 08:03:00 [notice] 1#1: start worker process 21
2021/08/09 08:03:00 [notice] 1#1: start worker process 22
2021/08/09 08:08:44 [notice] 1#1: signal 3 (SIGQUIT) received, shutting down
2021/08/09 08:08:44 [notice] 21#21: gracefully shutting down
2021/08/09 08:08:44 [notice] 21#21: exiting
2021/08/09 08:08:44 [notice] 22#22: gracefully shutting down
2021/08/09 08:08:44 [notice] 21#21: exit
2021/08/09 08:08:44 [notice] 22#22: exiting
2021/08/09 08:08:44 [notice] 22#22: exit
2021/08/09 08:08:44 [notice] 1#1: signal 17 (SIGCHLD) received from 21
2021/08/09 08:08:44 [notice] 1#1: worker process 21 exited with code 0
2021/08/09 08:08:44 [notice] 1#1: signal 29 (SIGIO) received
2021/08/09 08:08:44 [notice] 1#1: signal 17 (SIGCHLD) received from 22
2021/08/09 08:08:44 [notice] 1#1: worker process 22 exited with code 0
2021/08/09 08:08:44 [notice] 1#1: exit
